<?xml version="1.0" encoding="UTF-8"?>
<TestRun id="bc0aa8c7-a8f2-4b86-aedc-8352dfc14d28" name="ali@PUMA 2011-11-22 21:23:05" runUser="PUMA\ali" xmlns="http://microsoft.com/schemas/VisualStudio/TeamTest/2010">
  <TestSettings name="Local" id="21ee0ede-b95d-42b3-a7a4-beb7c7faa402">
    <Description>These are default test settings for a local test run.</Description>
    <Deployment enabled="false" runDeploymentRoot="ali_PUMA 2011-11-22 21_23_05">
      <DeploymentItem filename="c:\users\ali\documents\visual studio 2010\Projects\YAFCacheCleaner\YAFCacheCleaner\bin\Debug\YAFCacheCleaner.exe" />
    </Deployment>
    <Execution>
      <TestTypeSpecific />
      <AgentRule name="Execution Agents">
      </AgentRule>
    </Execution>
  </TestSettings>
  <Times creation="2011-11-22T21:23:05.4297215+05:00" queuing="2011-11-22T21:23:05.5077259+05:00" start="2011-11-22T21:23:05.5657293+05:00" finish="2011-11-22T21:23:06.9308073+05:00" />
  <ResultSummary outcome="Completed">
    <Counters total="1" executed="1" passed="1" error="0" failed="0" timeout="0" aborted="0" inconclusive="0" passedButRunAborted="0" notRunnable="0" notExecuted="0" disconnected="0" warning="0" completed="0" inProgress="0" pending="0" />
  </ResultSummary>
  <TestDefinitions>
    <UnitTest name="ClearCacheTest" storage="c:\users\ali\documents\visual studio 2010\projects\yafcachecleaner\yafcachecleanertests\bin\debug\yafcachecleanertests.dll" id="604895de-aff5-a4a5-1984-ba25cf5bb1f8">
      <Execution id="f1cdc316-7a2d-40b5-90d1-65e0e56c5449" />
      <TestMethod codeBase="c:/users/ali/documents/visual studio 2010/Projects/YAFCacheCleaner/YAFCacheCleanerTests/bin/Debug/YAFCacheCleanerTests.DLL" adapterTypeName="Microsoft.VisualStudio.TestTools.TestTypes.Unit.UnitTestAdapter, Microsoft.VisualStudio.QualityTools.Tips.UnitTest.Adapter, Version=10.0.0.0, Culture=neutral, PublicKeyToken=b03f5f7f11d50a3a" className="YAFCacheCleanerTests.YAFDBTest, YAFCacheCleanerTests, Version=1.0.0.0, Culture=neutral, PublicKeyToken=null" name="ClearCacheTest" />
    </UnitTest>
  </TestDefinitions>
  <TestLists>
    <TestList name="Results Not in a List" id="8c84fa94-04c1-424b-9868-57a2d4851a1d" />
    <TestList name="All Loaded Results" id="19431567-8539-422a-85d7-44ee4e166bda" />
  </TestLists>
  <TestEntries>
    <TestEntry testId="604895de-aff5-a4a5-1984-ba25cf5bb1f8" executionId="f1cdc316-7a2d-40b5-90d1-65e0e56c5449" testListId="8c84fa94-04c1-424b-9868-57a2d4851a1d" />
  </TestEntries>
  <Results>
    <UnitTestResult executionId="f1cdc316-7a2d-40b5-90d1-65e0e56c5449" testId="604895de-aff5-a4a5-1984-ba25cf5bb1f8" testName="ClearCacheTest" computerName="PUMA" duration="00:00:00.3101826" startTime="2011-11-22T21:23:05.7587403+05:00" endTime="2011-11-22T21:23:06.8428023+05:00" testType="13cdc9d9-ddb5-4fa4-a97d-d965ccfc6d4b" outcome="Passed" testListId="8c84fa94-04c1-424b-9868-57a2d4851a1d" relativeResultsDirectory="f1cdc316-7a2d-40b5-90d1-65e0e56c5449">
    </UnitTestResult>
  </Results>
</TestRun>